0 info it worked if it ends with ok
1 verbose cli [
1 verbose cli   '/home/farazahmad/.nvm/versions/node/v15.2.1/bin/node',
1 verbose cli   '/home/farazahmad/Desktop/Work/node-apps/dricup-crud-express/node_modules/.bin/npm',
1 verbose cli   'run',
1 verbose cli   'git:merge-feature-in-development'
1 verbose cli ]
2 info using npm@1.3.26
3 info using node@v15.2.1
4 error Error: Invalid name: "@farazahmad759/dricup-crud-express"
4 error     at ensureValidName (/home/farazahmad/Desktop/Work/node-apps/dricup-crud-express/node_modules/npm/node_modules/read-package-json/node_modules/normalize-package-data/lib/fixer.js:297:15)
4 error     at Object.fixNameField (/home/farazahmad/Desktop/Work/node-apps/dricup-crud-express/node_modules/npm/node_modules/read-package-json/node_modules/normalize-package-data/lib/fixer.js:201:5)
4 error     at /home/farazahmad/Desktop/Work/node-apps/dricup-crud-express/node_modules/npm/node_modules/read-package-json/node_modules/normalize-package-data/lib/normalize.js:29:38
4 error     at Array.forEach (<anonymous>)
4 error     at normalize (/home/farazahmad/Desktop/Work/node-apps/dricup-crud-express/node_modules/npm/node_modules/read-package-json/node_modules/normalize-package-data/lib/normalize.js:28:15)
4 error     at final (/home/farazahmad/Desktop/Work/node-apps/dricup-crud-express/node_modules/npm/node_modules/read-package-json/read-json.js:328:33)
4 error     at then (/home/farazahmad/Desktop/Work/node-apps/dricup-crud-express/node_modules/npm/node_modules/read-package-json/read-json.js:126:33)
4 error     at /home/farazahmad/Desktop/Work/node-apps/dricup-crud-express/node_modules/npm/node_modules/read-package-json/read-json.js:317:40
4 error     at FSReqCallback.readFileAfterClose [as oncomplete] (node:internal/fs/read_file_context:73:3)
5 error If you need help, you may report this *entire* log,
5 error including the npm and node versions, at:
5 error     <http://github.com/isaacs/npm/issues>
6 error System Linux 5.4.0-54-generic
7 error command "/home/farazahmad/.nvm/versions/node/v15.2.1/bin/node" "/home/farazahmad/Desktop/Work/node-apps/dricup-crud-express/node_modules/.bin/npm" "run" "git:merge-feature-in-development"
8 error cwd /home/farazahmad/Desktop/Work/node-apps/dricup-crud-express
9 error node -v v15.2.1
10 error npm -v 1.3.26
11 verbose exit [ 1, true ]
